{"/home/jacob/France-Grading-System/index.js": {"path":"/home/jacob/France-Grading-System/index.js","statementMap":{"0":{"start":{"line":1,"column":14},"end":{"line":1,"column":39}},"1":{"start":{"line":2,"column":16},"end":{"line":2,"column":43}},"2":{"start":{"line":4,"column":14},"end":{"line":4,"column":47}},"3":{"start":{"line":5,"column":0},"end":{"line":5,"column":21}},"4":{"start":{"line":7,"column":14},"end":{"line":7,"column":49}},"5":{"start":{"line":8,"column":0},"end":{"line":8,"column":21}},"6":{"start":{"line":10,"column":14},"end":{"line":10,"column":55}},"7":{"start":{"line":11,"column":0},"end":{"line":11,"column":19}},"8":{"start":{"line":13,"column":14},"end":{"line":13,"column":45}},"9":{"start":{"line":14,"column":0},"end":{"line":14,"column":19}},"10":{"start":{"line":16,"column":14},"end":{"line":16,"column":39}},"11":{"start":{"line":17,"column":0},"end":{"line":17,"column":19}},"12":{"start":{"line":19,"column":17},"end":{"line":19,"column":56}},"13":{"start":{"line":20,"column":0},"end":{"line":20,"column":20}},"14":{"start":{"line":24,"column":0},"end":{"line":24,"column":22}}},"fnMap":{},"branchMap":{},"s":{"0":1,"1":1,"2":1,"3":1,"4":1,"5":1,"6":1,"7":1,"8":1,"9":1,"10":1,"11":1,"12":1,"13":1,"14":1},"f":{},"b":{},"_coverageSchema":"1a1c01bbd47fc00a2c39e90264f33305004495a9","hash":"725b8887d44323dc99053875b3373bcccc8c9b27"}
,"/home/jacob/France-Grading-System/models/marks.js": {"path":"/home/jacob/France-Grading-System/models/marks.js","statementMap":{"0":{"start":{"line":3,"column":4},"end":{"line":3,"column":27}},"1":{"start":{"line":4,"column":4},"end":{"line":4,"column":27}},"2":{"start":{"line":5,"column":4},"end":{"line":5,"column":23}},"3":{"start":{"line":10,"column":16},"end":{"line":10,"column":20}},"4":{"start":{"line":11,"column":4},"end":{"line":29,"column":50}},"5":{"start":{"line":12,"column":6},"end":{"line":12,"column":35}},"6":{"start":{"line":13,"column":6},"end":{"line":13,"column":15}},"7":{"start":{"line":14,"column":11},"end":{"line":29,"column":50}},"8":{"start":{"line":15,"column":6},"end":{"line":15,"column":34}},"9":{"start":{"line":16,"column":6},"end":{"line":16,"column":15}},"10":{"start":{"line":17,"column":11},"end":{"line":29,"column":50}},"11":{"start":{"line":18,"column":6},"end":{"line":18,"column":34}},"12":{"start":{"line":19,"column":6},"end":{"line":19,"column":15}},"13":{"start":{"line":20,"column":11},"end":{"line":29,"column":50}},"14":{"start":{"line":21,"column":6},"end":{"line":21,"column":34}},"15":{"start":{"line":22,"column":6},"end":{"line":22,"column":15}},"16":{"start":{"line":23,"column":11},"end":{"line":29,"column":50}},"17":{"start":{"line":24,"column":6},"end":{"line":24,"column":34}},"18":{"start":{"line":25,"column":6},"end":{"line":25,"column":15}},"19":{"start":{"line":26,"column":11},"end":{"line":29,"column":50}},"20":{"start":{"line":27,"column":6},"end":{"line":27,"column":35}},"21":{"start":{"line":28,"column":6},"end":{"line":28,"column":15}},"22":{"start":{"line":29,"column":11},"end":{"line":29,"column":50}},"23":{"start":{"line":30,"column":4},"end":{"line":30,"column":17}},"24":{"start":{"line":34,"column":16},"end":{"line":34,"column":20}},"25":{"start":{"line":35,"column":4},"end":{"line":38,"column":5}},"26":{"start":{"line":36,"column":6},"end":{"line":36,"column":20}},"27":{"start":{"line":37,"column":6},"end":{"line":37,"column":44}},"28":{"start":{"line":39,"column":4},"end":{"line":42,"column":5}},"29":{"start":{"line":40,"column":6},"end":{"line":40,"column":20}},"30":{"start":{"line":41,"column":6},"end":{"line":41,"column":73}},"31":{"start":{"line":48,"column":4},"end":{"line":51,"column":5}},"32":{"start":{"line":49,"column":6},"end":{"line":49,"column":20}},"33":{"start":{"line":50,"column":6},"end":{"line":50,"column":53}},"34":{"start":{"line":52,"column":4},"end":{"line":55,"column":5}},"35":{"start":{"line":53,"column":6},"end":{"line":53,"column":20}},"36":{"start":{"line":54,"column":6},"end":{"line":54,"column":55}},"37":{"start":{"line":59,"column":0},"end":{"line":59,"column":23}}},"fnMap":{"0":{"name":"(anonymous_0)","decl":{"start":{"line":2,"column":2},"end":{"line":2,"column":3}},"loc":{"start":{"line":2,"column":39},"end":{"line":6,"column":3}},"line":2},"1":{"name":"(anonymous_1)","decl":{"start":{"line":8,"column":2},"end":{"line":8,"column":3}},"loc":{"start":{"line":8,"column":17},"end":{"line":31,"column":3}},"line":8},"2":{"name":"(anonymous_2)","decl":{"start":{"line":33,"column":2},"end":{"line":33,"column":3}},"loc":{"start":{"line":33,"column":15},"end":{"line":56,"column":3}},"line":33}},"branchMap":{"0":{"loc":{"start":{"line":11,"column":4},"end":{"line":29,"column":50}},"type":"if","locations":[{"start":{"line":11,"column":4},"end":{"line":29,"column":50}},{"start":{"line":11,"column":4},"end":{"line":29,"column":50}}],"line":11},"1":{"loc":{"start":{"line":14,"column":11},"end":{"line":29,"column":50}},"type":"if","locations":[{"start":{"line":14,"column":11},"end":{"line":29,"column":50}},{"start":{"line":14,"column":11},"end":{"line":29,"column":50}}],"line":14},"2":{"loc":{"start":{"line":14,"column":15},"end":{"line":14,"column":50}},"type":"binary-expr","locations":[{"start":{"line":14,"column":15},"end":{"line":14,"column":31}},{"start":{"line":14,"column":35},"end":{"line":14,"column":50}}],"line":14},"3":{"loc":{"start":{"line":17,"column":11},"end":{"line":29,"column":50}},"type":"if","locations":[{"start":{"line":17,"column":11},"end":{"line":29,"column":50}},{"start":{"line":17,"column":11},"end":{"line":29,"column":50}}],"line":17},"4":{"loc":{"start":{"line":17,"column":15},"end":{"line":17,"column":50}},"type":"binary-expr","locations":[{"start":{"line":17,"column":15},"end":{"line":17,"column":31}},{"start":{"line":17,"column":35},"end":{"line":17,"column":50}}],"line":17},"5":{"loc":{"start":{"line":20,"column":11},"end":{"line":29,"column":50}},"type":"if","locations":[{"start":{"line":20,"column":11},"end":{"line":29,"column":50}},{"start":{"line":20,"column":11},"end":{"line":29,"column":50}}],"line":20},"6":{"loc":{"start":{"line":20,"column":15},"end":{"line":20,"column":50}},"type":"binary-expr","locations":[{"start":{"line":20,"column":15},"end":{"line":20,"column":31}},{"start":{"line":20,"column":35},"end":{"line":20,"column":50}}],"line":20},"7":{"loc":{"start":{"line":23,"column":11},"end":{"line":29,"column":50}},"type":"if","locations":[{"start":{"line":23,"column":11},"end":{"line":29,"column":50}},{"start":{"line":23,"column":11},"end":{"line":29,"column":50}}],"line":23},"8":{"loc":{"start":{"line":23,"column":15},"end":{"line":23,"column":50}},"type":"binary-expr","locations":[{"start":{"line":23,"column":15},"end":{"line":23,"column":31}},{"start":{"line":23,"column":35},"end":{"line":23,"column":50}}],"line":23},"9":{"loc":{"start":{"line":26,"column":11},"end":{"line":29,"column":50}},"type":"if","locations":[{"start":{"line":26,"column":11},"end":{"line":29,"column":50}},{"start":{"line":26,"column":11},"end":{"line":29,"column":50}}],"line":26},"10":{"loc":{"start":{"line":26,"column":15},"end":{"line":26,"column":49}},"type":"binary-expr","locations":[{"start":{"line":26,"column":15},"end":{"line":26,"column":30}},{"start":{"line":26,"column":34},"end":{"line":26,"column":49}}],"line":26},"11":{"loc":{"start":{"line":35,"column":4},"end":{"line":38,"column":5}},"type":"if","locations":[{"start":{"line":35,"column":4},"end":{"line":38,"column":5}},{"start":{"line":35,"column":4},"end":{"line":38,"column":5}}],"line":35},"12":{"loc":{"start":{"line":39,"column":4},"end":{"line":42,"column":5}},"type":"if","locations":[{"start":{"line":39,"column":4},"end":{"line":42,"column":5}},{"start":{"line":39,"column":4},"end":{"line":42,"column":5}}],"line":39},"13":{"loc":{"start":{"line":48,"column":4},"end":{"line":51,"column":5}},"type":"if","locations":[{"start":{"line":48,"column":4},"end":{"line":51,"column":5}},{"start":{"line":48,"column":4},"end":{"line":51,"column":5}}],"line":48},"14":{"loc":{"start":{"line":52,"column":4},"end":{"line":55,"column":5}},"type":"if","locations":[{"start":{"line":52,"column":4},"end":{"line":55,"column":5}},{"start":{"line":52,"column":4},"end":{"line":55,"column":5}}],"line":52}},"s":{"0":5,"1":5,"2":5,"3":3,"4":3,"5":2,"6":2,"7":1,"8":1,"9":1,"10":0,"11":0,"12":0,"13":0,"14":0,"15":0,"16":0,"17":0,"18":0,"19":0,"20":0,"21":0,"22":0,"23":3,"24":3,"25":3,"26":0,"27":0,"28":3,"29":3,"30":3,"31":3,"32":1,"33":1,"34":3,"35":0,"36":0,"37":1},"f":{"0":5,"1":3,"2":3},"b":{"0":[2,1],"1":[1,0],"2":[1,1],"3":[0,0],"4":[0,0],"5":[0,0],"6":[0,0],"7":[0,0],"8":[0,0],"9":[0,0],"10":[0,0],"11":[0,3],"12":[3,0],"13":[1,2],"14":[0,3]},"_coverageSchema":"1a1c01bbd47fc00a2c39e90264f33305004495a9","hash":"638b1c0a0d5bdf93e6adf5fb50e25cc1677df99a"}
,"/home/jacob/France-Grading-System/models/student.js": {"path":"/home/jacob/France-Grading-System/models/student.js","statementMap":{"0":{"start":{"line":3,"column":4},"end":{"line":3,"column":31}},"1":{"start":{"line":4,"column":4},"end":{"line":4,"column":33}},"2":{"start":{"line":5,"column":4},"end":{"line":5,"column":25}},"3":{"start":{"line":6,"column":4},"end":{"line":6,"column":19}},"4":{"start":{"line":9,"column":16},"end":{"line":9,"column":20}},"5":{"start":{"line":11,"column":4},"end":{"line":14,"column":5}},"6":{"start":{"line":12,"column":6},"end":{"line":12,"column":20}},"7":{"start":{"line":13,"column":6},"end":{"line":13,"column":44}},"8":{"start":{"line":15,"column":4},"end":{"line":18,"column":5}},"9":{"start":{"line":16,"column":6},"end":{"line":16,"column":20}},"10":{"start":{"line":17,"column":6},"end":{"line":17,"column":45}},"11":{"start":{"line":19,"column":4},"end":{"line":23,"column":5}},"12":{"start":{"line":20,"column":6},"end":{"line":20,"column":20}},"13":{"start":{"line":21,"column":6},"end":{"line":21,"column":58}},"14":{"start":{"line":27,"column":0},"end":{"line":27,"column":25}}},"fnMap":{"0":{"name":"(anonymous_0)","decl":{"start":{"line":2,"column":2},"end":{"line":2,"column":3}},"loc":{"start":{"line":2,"column":50},"end":{"line":7,"column":3}},"line":2},"1":{"name":"(anonymous_1)","decl":{"start":{"line":8,"column":2},"end":{"line":8,"column":3}},"loc":{"start":{"line":8,"column":14},"end":{"line":24,"column":3}},"line":8}},"branchMap":{"0":{"loc":{"start":{"line":11,"column":4},"end":{"line":14,"column":5}},"type":"if","locations":[{"start":{"line":11,"column":4},"end":{"line":14,"column":5}},{"start":{"line":11,"column":4},"end":{"line":14,"column":5}}],"line":11},"1":{"loc":{"start":{"line":15,"column":4},"end":{"line":18,"column":5}},"type":"if","locations":[{"start":{"line":15,"column":4},"end":{"line":18,"column":5}},{"start":{"line":15,"column":4},"end":{"line":18,"column":5}}],"line":15},"2":{"loc":{"start":{"line":19,"column":4},"end":{"line":23,"column":5}},"type":"if","locations":[{"start":{"line":19,"column":4},"end":{"line":23,"column":5}},{"start":{"line":19,"column":4},"end":{"line":23,"column":5}}],"line":19},"3":{"loc":{"start":{"line":19,"column":16},"end":{"line":19,"column":69}},"type":"binary-expr","locations":[{"start":{"line":19,"column":16},"end":{"line":19,"column":40}},{"start":{"line":19,"column":44},"end":{"line":19,"column":69}}],"line":19}},"s":{"0":1,"1":1,"2":1,"3":1,"4":1,"5":1,"6":0,"7":0,"8":1,"9":0,"10":0,"11":1,"12":1,"13":1,"14":1},"f":{"0":1,"1":1},"b":{"0":[0,1],"1":[0,1],"2":[1,0],"3":[1,1]},"_coverageSchema":"1a1c01bbd47fc00a2c39e90264f33305004495a9","hash":"05daddd2dd64464a0b8c48f34efbfbf7537f7c23"}
}
