TN:
SF:index.js
FNF:0
FNH:0
DA:1,1
DA:2,1
DA:4,1
DA:5,1
DA:7,1
DA:8,1
DA:10,1
DA:11,1
DA:13,1
DA:14,1
DA:16,1
DA:17,1
DA:19,1
DA:20,1
DA:24,1
LF:15
LH:15
BRF:0
BRH:0
end_of_record
TN:
SF:models/marks.js
FN:2,(anonymous_0)
FN:8,(anonymous_1)
FN:33,(anonymous_2)
FNF:3
FNH:3
FNDA:5,(anonymous_0)
FNDA:3,(anonymous_1)
FNDA:3,(anonymous_2)
DA:3,5
DA:4,5
DA:5,5
DA:10,3
DA:11,3
DA:12,2
DA:13,2
DA:14,1
DA:15,1
DA:16,1
DA:17,0
DA:18,0
DA:19,0
DA:20,0
DA:21,0
DA:22,0
DA:23,0
DA:24,0
DA:25,0
DA:26,0
DA:27,0
DA:28,0
DA:29,0
DA:30,3
DA:34,3
DA:35,3
DA:36,0
DA:37,0
DA:39,3
DA:40,3
DA:41,3
DA:48,3
DA:49,1
DA:50,1
DA:52,3
DA:53,0
DA:54,0
DA:59,1
LF:38
LH:21
BRDA:11,0,0,2
BRDA:11,0,1,1
BRDA:14,1,0,1
BRDA:14,1,1,0
BRDA:14,2,0,1
BRDA:14,2,1,1
BRDA:17,3,0,0
BRDA:17,3,1,0
BRDA:17,4,0,0
BRDA:17,4,1,0
BRDA:20,5,0,0
BRDA:20,5,1,0
BRDA:20,6,0,0
BRDA:20,6,1,0
BRDA:23,7,0,0
BRDA:23,7,1,0
BRDA:23,8,0,0
BRDA:23,8,1,0
BRDA:26,9,0,0
BRDA:26,9,1,0
BRDA:26,10,0,0
BRDA:26,10,1,0
BRDA:35,11,0,0
BRDA:35,11,1,3
BRDA:39,12,0,3
BRDA:39,12,1,0
BRDA:48,13,0,1
BRDA:48,13,1,2
BRDA:52,14,0,0
BRDA:52,14,1,3
BRF:30
BRH:10
end_of_record
TN:
SF:models/student.js
FN:2,(anonymous_0)
FN:8,(anonymous_1)
FNF:2
FNH:2
FNDA:1,(anonymous_0)
FNDA:1,(anonymous_1)
DA:3,1
DA:4,1
DA:5,1
DA:6,1
DA:9,1
DA:11,1
DA:12,0
DA:13,0
DA:15,1
DA:16,0
DA:17,0
DA:19,1
DA:20,1
DA:21,1
DA:27,1
LF:15
LH:11
BRDA:11,0,0,0
BRDA:11,0,1,1
BRDA:15,1,0,0
BRDA:15,1,1,1
BRDA:19,2,0,1
BRDA:19,2,1,0
BRDA:19,3,0,1
BRDA:19,3,1,1
BRF:8
BRH:5
end_of_record
